生成启动时间为 2020/2/12 22:55:51。
     1>项目“D:\coding\cgitiles\cgitiles\cgitiles.vcxproj”在节点 2 上(build 个目标)。
     1>InitializeBuildStatus:
         正在创建“Release\cgitiles.unsuccessfulbuild”，因为已指定“AlwaysCreate”。
       ClCompile:
         所有输出均为最新。
         C:\Program Files (x86)\Microsoft Visual Studio 10.0\VC\bin\CL.exe /c /Zi /nologo /W3 /WX- /O2 /Oi /Oy- /GL /D WIN32 /D NDEBUG /D _CONSOLE /D _UNICODE /D UNICODE /Gm- /EHsc /MD /GS /Gy /fp:precise /Zc:wchar_t /Zc:forScope /Fo"Release\\" /Fd"Release\vc100.pdb" /Gd /TP /analyze- /errorReport:prompt cgitiles.cpp
         cgitiles.cpp
     1>cgitiles.cpp(91): warning C4244: “=”: 从“double”转换到“int”，可能丢失数据
     1>cgitiles.cpp(92): warning C4244: “=”: 从“double”转换到“int”，可能丢失数据
     1>cgitiles.cpp(101): warning C4244: “初始化”: 从“double”转换到“int”，可能丢失数据
     1>cgitiles.cpp(102): warning C4244: “初始化”: 从“double”转换到“int”，可能丢失数据
     1>cgitiles.cpp(103): warning C4244: “初始化”: 从“double”转换到“int”，可能丢失数据
     1>cgitiles.cpp(107): warning C4244: “初始化”: 从“float”转换到“int”，可能丢失数据
     1>cgitiles.cpp(135): warning C4996: 'fopen': This function or variable may be unsafe. Consider using fopen_s instead. To disable deprecation, use _CRT_SECURE_NO_WARNINGS. See online help for details.
                 C:\Program Files (x86)\Microsoft Visual Studio 10.0\VC\include\stdio.h(234) : 参见“fopen”的声明
       Link:
         C:\Program Files (x86)\Microsoft Visual Studio 10.0\VC\bin\link.exe /ERRORREPORT:PROMPT /OUT:"D:\coding\cgitiles\Release\cgitiles.exe" /INCREMENTAL:NO /NOLOGO kernel32.lib user32.lib gdi32.lib winspool.lib comdlg32.lib advapi32.lib shell32.lib ole32.lib oleaut32.lib uuid.lib odbc32.lib odbccp32.lib /MANIFEST /ManifestFile:"Release\cgitiles.exe.intermediate.manifest" /MANIFESTUAC:"level='asInvoker' uiAccess='false'" /DEBUG /PDB:"D:\coding\cgitiles\Release\cgitiles.pdb" /SUBSYSTEM:CONSOLE /OPT:REF /OPT:ICF /LTCG /TLBID:1 /DYNAMICBASE /NXCOMPAT /IMPLIB:"D:\coding\cgitiles\Release\cgitiles.lib" /MACHINE:X86 "Release\cgi-lib.obj"
         Release\cgitiles.obj
         "Release\html-lib.obj"
         "Release\list-lib.obj"
         Release\stdafx.obj
         正在生成代码
         已完成代码的生成
         cgitiles.vcxproj -> D:\coding\cgitiles\Release\cgitiles.exe
       Manifest:
         C:\Program Files (x86)\Microsoft SDKs\Windows\v7.0A\bin\mt.exe /nologo /verbose /outputresource:"D:\coding\cgitiles\Release\cgitiles.exe;#1" /manifest Release\cgitiles.exe.intermediate.manifest
       FinalizeBuildStatus:
         正在删除文件“Release\cgitiles.unsuccessfulbuild”。
         正在对“Release\cgitiles.lastbuildstate”执行 Touch 任务。
     1>已完成生成项目“D:\coding\cgitiles\cgitiles\cgitiles.vcxproj”(build 个目标)的操作。

生成成功。

已用时间 00:00:01.05
